
===== Nightly 2026-07-20T06:30:01.775Z =====
[watch] 2026-07-20T06:30:02.241Z — 14 chaînes, 12 vidéos, 12 targets | introuvables : 0 chaînes, 0 vidéos, 0 targets | 3u | 0.5s
🌙 scan-auto : 11 mot(s)-clé(s) à scanner.
   ✓ "buffalo" → 50 vidéos (102 u)
   ✓ "cat" → 50 vidéos (102 u)
   ✓ "dangerous" → 50 vidéos (102 u)
   ✓ "dangerous lesson" → 50 vidéos (102 u)
   ✓ "dinosaurs" → 50 vidéos (102 u)
   ✓ "learn english" → 50 vidéos (102 u)
   ✓ "survival" → 50 vidéos (102 u)
   ✓ "viking" → 50 vidéos (102 u)
   ✓ "what happens if" → 50 vidéos (102 u)
   ✓ "what happens when" → 50 vidéos (102 u)
   ✓ "yoga" → 50 vidéos (102 u)
🌙 scan-auto terminé : 11 scanné(s), 0 échec(s), 0 ignoré(s) · 1122 u · 6.6s
[gems] 2026-07-20T06:30:08.837Z — 0 chaînes suivies, 0 cibles, 0 vidéos, 34 découvertes | 34 signal(aux) enregistré(s) | fenêtre 7j | 0.0s
     98 · scan_discovery · Buffalo Welcomes Fish Into the Most Dangerous Moment : ratio 515 · 4049252 vues · 7870 abo · "buffalo"
     98 · scan_discovery · Hundreds of Fish And Oxpecker Clean Thousands of Parasites O : ratio 157 · 1925767 vues · 12300 abo · "buffalo"
     98 · scan_discovery · Buffalo Welcomes Fish Into the Most Dangerous Moment : ratio 515 · 4049252 vues · 7870 abo · "dangerous"
     96 · scan_discovery · 20 Fruit Names in Hindi and English for Kids | Learn Fruits  : ratio 166 · 1771059 vues · 10700 abo · "learn english"
     93 · scan_discovery · Yoga Infantil para Flexibilidad y Equilibrio | Rutina Fácil  : ratio 222 · 2775082 vues · 12500 abo · "yoga"
     93 · scan_discovery · Rumi's Yoga Secrets Revealed | Build Confidence Like Her | K : ratio 305 · 2666390 vues · 8750 abo · "yoga"
     93 · scan_discovery · Great Full Body Partner Yoga for Kids | Easy Flexibility & S : ratio 220 · 2481587 vues · 11300 abo · "yoga"
     92 · scan_discovery · Kids Yoga for Flexibility & Fitness | Healthy Full Body Stre : ratio 500 · 4148535 vues · 8300 abo · "yoga"
     91 · scan_discovery · K-POP Yoga for Kids! 🌈 Easy Full Body Stretch with Rumi | Y : ratio 197 · 2308818 vues · 11700 abo · "yoga"
     83 · scan_discovery · Try not to laugh 😂 Ultimate Funny Cats and Dogs 2026 🐱🐶 # : ratio 459 · 7071075 vues · 15400 abo · "cat"
[digest] 25 signal(aux) à traiter.
[digest] envoyé à fbkcregistry@gmail.com · 25 signal(aux) marqué(s) notifié(s).
===== Nightly terminé =====


===== Nightly 2026-07-21T06:30:01.843Z =====
[watch] 2026-07-21T06:30:02.311Z — 14 chaînes, 12 vidéos, 12 targets | introuvables : 0 chaînes, 0 vidéos, 0 targets | 3u | 0.5s
🌙 scan-auto : 11 mot(s)-clé(s) à scanner.
   ✓ "buffalo" → 50 vidéos (102 u)
   ✓ "cat" → 50 vidéos (102 u)
   ✓ "dangerous" → 50 vidéos (102 u)
   ✓ "dangerous lesson" → 50 vidéos (102 u)
   ✓ "dinosaurs" → 50 vidéos (102 u)
   ✓ "learn english" → 50 vidéos (102 u)
   ✓ "survival" → 50 vidéos (102 u)
   ✓ "viking" → 50 vidéos (102 u)
   ✓ "what happens if" → 50 vidéos (102 u)
   ✓ "what happens when" → 50 vidéos (102 u)
   ✓ "yoga" → 50 vidéos (102 u)
🌙 scan-auto terminé : 11 scanné(s), 0 échec(s), 0 ignoré(s) · 1122 u · 7.5s
[gems] 2026-07-21T06:30:09.921Z — 0 chaînes suivies, 0 cibles, 0 vidéos, 35 découvertes | 35 signal(aux) enregistré(s) | fenêtre 7j | 0.1s
     97 · scan_discovery · Hundreds of Fish And Oxpecker Clean Thousands of Parasites O : ratio 153 · 1956324 vues · 12800 abo · "buffalo"
     96 · scan_discovery · Buffalo Welcomes Fish Into the Most Dangerous Moment : ratio 513 · 4050179 vues · 7900 abo · "buffalo"
     96 · scan_discovery · 20 Fruit Names in Hindi and English for Kids | Learn Fruits  : ratio 165 · 1779679 vues · 10800 abo · "learn english"
     93 · scan_discovery · Yoga Infantil para Flexibilidad y Equilibrio | Rutina Fácil  : ratio 221 · 2810438 vues · 12700 abo · "yoga"
     93 · scan_discovery · Rumi's Yoga Secrets Revealed | Build Confidence Like Her | K : ratio 305 · 2679526 vues · 8780 abo · "yoga"
     93 · scan_discovery · Great Full Body Partner Yoga for Kids | Easy Flexibility & S : ratio 224 · 2556311 vues · 11400 abo · "yoga"
     92 · scan_discovery · Kids Yoga for Flexibility & Fitness | Healthy Full Body Stre : ratio 480 · 4464153 vues · 9300 abo · "yoga"
     90 · scan_discovery · K-POP Yoga for Kids! 🌈 Easy Full Body Stretch with Rumi | Y : ratio 196 · 2317579 vues · 11800 abo · "yoga"
     84 · scan_discovery · Try not to laugh 😂 Ultimate Funny Cats and Dogs 2026 🐱🐶 # : ratio 458 · 7091224 vues · 15500 abo · "cat"
     83 · scan_discovery · "Free" Cover | Oh no! Stop, Rumi! This Is Dangerous!💔💔[KPo : ratio 474 · 3926904 vues · 8290 abo · "dangerous"
[digest] 25 signal(aux) à traiter.
[digest] envoyé à fbkcregistry@gmail.com · 25 signal(aux) marqué(s) notifié(s).
===== Nightly terminé =====


===== Nightly 2026-07-22T06:30:01.798Z =====
[watch] 2026-07-22T06:30:02.897Z — 14 chaînes, 12 vidéos, 12 targets, 339 vidéos cibles | introuvables : 0 chaînes, 0 vidéos, 0 targets, 4 vidéos cibles | 10u | 1.1s
🌙 scan-auto : 11 mot(s)-clé(s) à scanner.
   ✓ "buffalo" → 50 vidéos (102 u)
   ✓ "cat" → 50 vidéos (102 u)
   ✓ "dangerous" → 50 vidéos (102 u)
   ✓ "dangerous lesson" → 50 vidéos (102 u)
   ✓ "dinosaurs" → 50 vidéos (102 u)
   ✓ "learn english" → 50 vidéos (102 u)
   ✓ "survival" → 50 vidéos (102 u)
   ✓ "viking" → 50 vidéos (102 u)
   ✓ "what happens if" → 50 vidéos (102 u)
   ✓ "what happens when" → 50 vidéos (102 u)
   ✓ "yoga" → 50 vidéos (102 u)
🌙 scan-auto terminé : 11 scanné(s), 0 échec(s), 0 ignoré(s) · 1122 u · 6.8s
🕸️ crawl-competitors : aucun concurrent à rafraîchir.
[gems] 2026-07-22T06:30:09.782Z — 0 chaînes suivies, 0 cibles, 0 vidéos, 0 vidéos cibles, 33 découvertes | 33 signal(aux) enregistré(s) | fenêtre 7j | 0.1s
     95 · scan_discovery · Buffalo Welcomes Fish Into the Most Dangerous Moment : ratio 511 · 4050905 vues · 7920 abo · "buffalo"
     95 · scan_discovery · Hundreds of Fish And Oxpecker Clean Thousands of Parasites O : ratio 151 · 1988863 vues · 13200 abo · "buffalo"
     95 · scan_discovery · 20 Fruit Names in Hindi and English for Kids | Learn Fruits  : ratio 160 · 1791561 vues · 11200 abo · "learn english"
     93 · scan_discovery · Yoga Infantil para Flexibilidad y Equilibrio | Rutina Fácil  : ratio 219 · 2850386 vues · 13000 abo · "yoga"
     93 · scan_discovery · Great Full Body Partner Yoga for Kids | Easy Flexibility & S : ratio 229 · 2634728 vues · 11500 abo · "yoga"
     92 · scan_discovery · Kids Yoga for Flexibility & Fitness | Healthy Full Body Stre : ratio 454 · 4717707 vues · 10400 abo · "yoga"
     92 · scan_discovery · Rumi's Yoga Secrets Revealed | Build Confidence Like Her | K : ratio 306 · 2686784 vues · 8780 abo · "yoga"
     90 · scan_discovery · K-POP Yoga for Kids! 🌈 Easy Full Body Stretch with Rumi | Y : ratio 196 · 2331502 vues · 11900 abo · "yoga"
     85 · scan_discovery · Try not to laugh 😂 Ultimate Funny Cats and Dogs 2026 🐱🐶 # : ratio 458 · 7104686 vues · 15500 abo · "cat"
     83 · scan_discovery · Monkey Farmer and Cat JCB Drives Tractor to Harvest Apples & : ratio 134 · 5911070 vues · 44200 abo · "cat"
[digest] 25 signal(aux) à traiter.
[digest] envoyé à fbkcregistry@gmail.com · 25 signal(aux) marqué(s) notifié(s).
===== Nightly terminé =====


===== Nightly 2026-07-23T06:30:02.366Z =====
[watch] 2026-07-23T06:30:03.516Z — 14 chaînes, 12 vidéos, 12 targets, 339 vidéos cibles | introuvables : 0 chaînes, 0 vidéos, 0 targets, 4 vidéos cibles | 10u | 1.1s
🌙 scan-auto : 11 mot(s)-clé(s) à scanner.
   ✓ "buffalo" → 50 vidéos (102 u)
   ✓ "cat" → 50 vidéos (102 u)
   ✓ "dangerous" → 50 vidéos (102 u)
   ✓ "dangerous lesson" → 50 vidéos (102 u)
   ✓ "dinosaurs" → 50 vidéos (102 u)
   ✓ "learn english" → 50 vidéos (102 u)
   ✓ "survival" → 50 vidéos (102 u)
   ✓ "viking" → 50 vidéos (102 u)
   ✓ "what happens if" → 50 vidéos (102 u)
   ✓ "what happens when" → 50 vidéos (102 u)
   ✓ "yoga" → 50 vidéos (102 u)
🌙 scan-auto terminé : 11 scanné(s), 0 échec(s), 0 ignoré(s) · 1122 u · 6.9s
🕸️ crawl-competitors : aucun concurrent à rafraîchir.
[gems] 2026-07-23T06:30:10.499Z — 0 chaînes suivies, 0 cibles, 0 vidéos, 0 vidéos cibles, 31 découvertes | 31 signal(aux) enregistré(s) | fenêtre 7j | 0.1s
     95 · scan_discovery · Hundreds of Fish And Oxpecker Clean Thousands of Parasites O : ratio 149 · 2012290 vues · 13500 abo · "buffalo"
     94 · scan_discovery · Buffalo Welcomes Fish Into the Most Dangerous Moment : ratio 508 · 4052017 vues · 7980 abo · "buffalo"
     92 · scan_discovery · Kids Yoga for Flexibility & Fitness | Healthy Full Body Stre : ratio 430 · 4898168 vues · 11400 abo · "yoga"
     92 · scan_discovery · Yoga Infantil para Flexibilidad y Equilibrio | Rutina Fácil  : ratio 217 · 2891947 vues · 13300 abo · "yoga"
     92 · scan_discovery · Rumi's Yoga Secrets Revealed | Build Confidence Like Her | K : ratio 306 · 2690023 vues · 8790 abo · "yoga"
     92 · scan_discovery · Great Full Body Partner Yoga for Kids | Easy Flexibility & S : ratio 232 · 2708726 vues · 11700 abo · "yoga"
     90 · scan_discovery · 20 Fruit Names in Hindi and English for Kids | Learn Fruits  : ratio 153 · 1808766 vues · 11800 abo · "learn english"
     90 · scan_discovery · K-POP Yoga for Kids! 🌈 Easy Full Body Stretch with Rumi | Y : ratio 196 · 2346540 vues · 12000 abo · "yoga"
     84 · scan_discovery · Try not to laugh 😂 Ultimate Funny Cats and Dogs 2026 🐱🐶 # : ratio 459 · 7112384 vues · 15500 abo · "cat"
     83 · scan_discovery · Monkey Farmer and Cat JCB Drives Tractor to Harvest Apples & : ratio 134 · 5954516 vues · 44300 abo · "cat"
[digest] 25 signal(aux) à traiter.
[digest] envoyé à fbkcregistry@gmail.com · 25 signal(aux) marqué(s) notifié(s).
===== Nightly terminé =====

